2023-08-12 13:11:03,393 : INFO : Test_Meditab_Invalid_Credentials : test_invalid_credentials : 16 : Testcase test_invalid_credentials started
2023-08-12 13:11:03,448 : INFO : Test_Meditab_Invalid_Credentials : test_invalid_credentials : 17 : Opening Browser
2023-08-12 13:11:03,489 : INFO : Test_Meditab_Invalid_Credentials : test_invalid_credentials : 20 : Entering Clinic"Unknown"
2023-08-12 13:11:03,636 : INFO : Test_Meditab_Invalid_Credentials : test_invalid_credentials : 22 : Entering Username"Anthing"
2023-08-12 13:11:03,723 : INFO : Test_Meditab_Invalid_Credentials : test_invalid_credentials : 24 : Entering Password"Nothing"
2023-08-12 13:11:03,788 : INFO : Test_Meditab_Invalid_Credentials : test_invalid_credentials : 26 : Clicking Login Button
2023-08-12 13:11:14,453 : INFO : Test_Meditab_Invalid_Credentials : test_invalid_credentials : 41 : TestCase test_invalid_credentials Failed
2023-08-12 13:13:00,108 : INFO : Test_Meditab_Invalid_Credentials : test_invalid_credentials : 16 : Testcase test_invalid_credentials started
2023-08-12 13:13:00,125 : INFO : Test_Meditab_Invalid_Credentials : test_invalid_credentials : 17 : Opening Browser
2023-08-12 13:13:00,137 : INFO : Test_Meditab_Invalid_Credentials : test_invalid_credentials : 20 : Entering Clinic"Unknown"
2023-08-12 13:13:00,229 : INFO : Test_Meditab_Invalid_Credentials : test_invalid_credentials : 22 : Entering Username"Anthing"
2023-08-12 13:13:00,305 : INFO : Test_Meditab_Invalid_Credentials : test_invalid_credentials : 24 : Entering Password"Nothing"
2023-08-12 13:13:00,370 : INFO : Test_Meditab_Invalid_Credentials : test_invalid_credentials : 26 : Clicking Login Button
2023-08-12 13:13:00,779 : INFO : Test_Meditab_Invalid_Credentials : test_invalid_credentials : 30 : taking screenshot
2023-08-12 13:13:01,069 : INFO : Test_Meditab_Invalid_Credentials : test_invalid_credentials : 33 : TestCase test_invalid_credentials Passed
2023-08-12 13:15:35,247 : INFO : Test_Meditab_Invalid_Credentials : test_invalid_credentials : 16 : Testcase test_invalid_credentials started
2023-08-12 13:15:35,261 : INFO : Test_Meditab_Invalid_Credentials : test_invalid_credentials : 17 : Opening Browser
2023-08-12 13:15:35,272 : INFO : Test_Meditab_Invalid_Credentials : test_invalid_credentials : 20 : Entering Clinic"Unknown"
2023-08-12 13:15:35,402 : INFO : Test_Meditab_Invalid_Credentials : test_invalid_credentials : 22 : Entering Username"Anthing"
2023-08-12 13:15:35,498 : INFO : Test_Meditab_Invalid_Credentials : test_invalid_credentials : 24 : Entering Password"Nothing"
2023-08-12 13:15:35,580 : INFO : Test_Meditab_Invalid_Credentials : test_invalid_credentials : 26 : Clicking Login Button
2023-08-12 13:15:36,433 : INFO : Test_Meditab_Invalid_Credentials : test_invalid_credentials : 30 : taking screenshot
2023-08-12 13:15:36,747 : INFO : Test_Meditab_Invalid_Credentials : test_invalid_credentials : 33 : TestCase test_invalid_credentials Passed
2023-08-12 13:21:23,298 : INFO : Test_Meditab_Invalid_Credentials : test_invalid_credentials : 16 : Testcase test_invalid_credentials started
2023-08-12 13:21:23,312 : INFO : Test_Meditab_Invalid_Credentials : test_invalid_credentials : 17 : Opening Browser
2023-08-12 13:21:23,324 : INFO : Test_Meditab_Invalid_Credentials : test_invalid_credentials : 20 : Entering Clinic"Unknown"
2023-08-12 13:21:23,419 : INFO : Test_Meditab_Invalid_Credentials : test_invalid_credentials : 22 : Entering Username"Anthing"
2023-08-12 13:21:23,478 : INFO : Test_Meditab_Invalid_Credentials : test_invalid_credentials : 24 : Entering Password"Nothing"
2023-08-12 13:21:23,535 : INFO : Test_Meditab_Invalid_Credentials : test_invalid_credentials : 26 : Clicking Login Button
2023-08-12 13:21:24,364 : INFO : Test_Meditab_Invalid_Credentials : test_invalid_credentials : 30 : taking screenshot
2023-08-12 13:21:24,685 : INFO : Test_Meditab_Invalid_Credentials : test_invalid_credentials : 33 : TestCase test_invalid_credentials Passed
2023-08-12 13:28:13,499 : INFO : Test_Meditab_Invalid_Credentials : test_invalid_credentials : 16 : Testcase test_invalid_credentials started
2023-08-12 13:28:13,504 : INFO : Test_Meditab_Invalid_Credentials : test_invalid_credentials : 17 : Opening Browser
2023-08-12 13:28:13,506 : INFO : Test_Meditab_Invalid_Credentials : test_invalid_credentials : 20 : Entering Clinic"Unknown"
2023-08-12 13:28:13,642 : INFO : Test_Meditab_Invalid_Credentials : test_invalid_credentials : 22 : Entering Username"Anthing"
2023-08-12 13:28:13,803 : INFO : Test_Meditab_Invalid_Credentials : test_invalid_credentials : 24 : Entering Password"Nothing"
2023-08-12 13:28:13,937 : INFO : Test_Meditab_Invalid_Credentials : test_invalid_credentials : 26 : Clicking Login Button
2023-08-12 13:28:14,673 : INFO : Test_Meditab_Invalid_Credentials : test_invalid_credentials : 30 : taking screenshot
2023-08-12 13:28:15,425 : INFO : Test_Meditab_Invalid_Credentials : test_invalid_credentials : 33 : TestCase test_invalid_credentials Passed
2023-08-12 13:30:35,660 : INFO : Test_Meditab_Invalid_Credentials : test_invalid_credentials : 16 : Testcase test_invalid_credentials started
2023-08-12 13:30:35,671 : INFO : Test_Meditab_Invalid_Credentials : test_invalid_credentials : 17 : Opening Browser
2023-08-12 13:30:35,683 : INFO : Test_Meditab_Invalid_Credentials : test_invalid_credentials : 20 : Entering Clinic"Unknown"
2023-08-12 13:30:35,870 : INFO : Test_Meditab_Invalid_Credentials : test_invalid_credentials : 22 : Entering Username"Anthing"
2023-08-12 13:30:36,049 : INFO : Test_Meditab_Invalid_Credentials : test_invalid_credentials : 24 : Entering Password"Nothing"
2023-08-12 13:30:36,213 : INFO : Test_Meditab_Invalid_Credentials : test_invalid_credentials : 26 : Clicking Login Button
2023-08-12 13:30:36,944 : INFO : Test_Meditab_Invalid_Credentials : test_invalid_credentials : 30 : taking screenshot
2023-08-12 13:30:37,662 : INFO : Test_Meditab_Invalid_Credentials : test_invalid_credentials : 33 : TestCase test_invalid_credentials Passed
